<?xml version="1.0" encoding="UTF-8"?>
<!-- Generated by org.testng.reporters.JUnitReportReporter -->
<testsuite hostname="PavanPC" failures="0" tests="1" name="runner.TestRunner" time="23.395" errors="0" timestamp="2023-08-21T17:02:15 IST" skipped="0">
  <testcase classname="runner.TestRunner" name="runScenario" time="23.395"/>
</testsuite> <!-- runner.TestRunner -->
